18:42:07 **** Incremental Build of configuration Debug for project Smart fuses ****
make -j8 all 
arm-none-eabi-g++ "../Core/Src/main.cpp" -mcpu=cortex-m4 -std=gnu++14 -g3 -DDEBUG -DUSE_HAL_DRIVER -DSTM32L4P5xx -c -I../Core/Inc -I../Drivers/STM32L4xx_HAL_Driver/Inc -I../Drivers/STM32L4xx_HAL_Driver/Inc/Legacy -I../Drivers/CMSIS/Device/ST/STM32L4xx/Include -I../Drivers/CMSIS/Include -O1 -ffunction-sections -fdata-sections -fno-exceptions -fno-rtti -fno-use-cxa-atexit -Wall -fstack-usage -MMD -MP -MF"Core/Src/main.d" -MT"Core/Src/main.o" --specs=nano.specs -mfpu=fpv4-sp-d16 -mfloat-abi=hard -mthumb -o "Core/Src/main.o"
arm-none-eabi-g++ -o "Smart fuses.elf" @"objects.list"   -mcpu=cortex-m4 -T"C:\Users\pile\Desktop\wszytko inne\prywata\folder\PUTM_EV_SMART_FUSES_2022\firmware\Smart fuses\STM32L4P5RGTX_FLASH.ld" --specs=nosys.specs -Wl,-Map="Smart fuses.map" -Wl,--gc-sections -static --specs=nano.specs -mfpu=fpv4-sp-d16 -mfloat-abi=hard -mthumb -Wl,--start-group -lc -lm -lstdc++ -lsupc++ -Wl,--end-group
Finished building target: Smart fuses.elf
 
arm-none-eabi-size   Smart\ fuses.elf 
arm-none-eabi-objdump -h -S  Smart\ fuses.elf  > "Smart fuses.list"
   text	   data	    bss	    dec	    hex	filename
   9528	     24	   1716	  11268	   2c04	Smart fuses.elf
Finished building: default.size.stdout
 
Finished building: Smart fuses.list
 
18:44:00 **** Incremental Build of configuration Debug for project Smart fuses ****
make -j8 all 
arm-none-eabi-size   Smart\ fuses.elf 
   text	   data	    bss	    dec	    hex	filename
   9528	     24	   1716	  11268	   2c04	Smart fuses.elf
Finished building: default.size.stdout
 
18:45:11 **** Incremental Build of configuration Debug for project Smart fuses ****
make -j8 all 
arm-none-eabi-size   Smart\ fuses.elf 
   text	   data	    bss	    dec	    hex	filename
   9528	     24	   1716	  11268	   2c04	Smart fuses.elf
Finished building: default.size.stdout
 
18:45:53 **** Incremental Build of configuration Debug for project Smart fuses ****
make -j8 all 
arm-none-eabi-size   Smart\ fuses.elf 
   text	   data	    bss	    dec	    hex	filename
   9528	     24	   1716	  11268	   2c04	Smart fuses.elf
Finished building: default.size.stdout
 
18:46:41 **** Incremental Build of configuration Debug for project Smart fuses ****
make -j8 all 
arm-none-eabi-size   Smart\ fuses.elf 
   text	   data	    bss	    dec	    hex	filename
   9528	     24	   1716	  11268	   2c04	Smart fuses.elf
Finished building: default.size.stdout
 
18:49:55 **** Incremental Build of configuration Debug for project Smart fuses ****
make -j8 all 
arm-none-eabi-g++ "../Core/Src/main.cpp" -mcpu=cortex-m4 -std=gnu++14 -g3 -DDEBUG -DUSE_HAL_DRIVER -DSTM32L4P5xx -c -I../Core/Inc -I../Drivers/STM32L4xx_HAL_Driver/Inc -I../Drivers/STM32L4xx_HAL_Driver/Inc/Legacy -I../Drivers/CMSIS/Device/ST/STM32L4xx/Include -I../Drivers/CMSIS/Include -O1 -ffunction-sections -fdata-sections -fno-exceptions -fno-rtti -fno-use-cxa-atexit -Wall -fstack-usage -MMD -MP -MF"Core/Src/main.d" -MT"Core/Src/main.o" --specs=nano.specs -mfpu=fpv4-sp-d16 -mfloat-abi=hard -mthumb -o "Core/Src/main.o"
../Core/Src/main.cpp: In function 'int main()':
../Core/Src/main.cpp:172:7: warning: unused variable 'toggle_fuses' [-Wunused-variable]
  172 |  bool toggle_fuses = false;
      |       ^~~~~~~~~~~~
arm-none-eabi-g++ -o "Smart fuses.elf" @"objects.list"   -mcpu=cortex-m4 -T"C:\Users\pile\Desktop\wszytko inne\prywata\folder\PUTM_EV_SMART_FUSES_2022\firmware\Smart fuses\STM32L4P5RGTX_FLASH.ld" --specs=nosys.specs -Wl,-Map="Smart fuses.map" -Wl,--gc-sections -static --specs=nano.specs -mfpu=fpv4-sp-d16 -mfloat-abi=hard -mthumb -Wl,--start-group -lc -lm -lstdc++ -lsupc++ -Wl,--end-group
Finished building target: Smart fuses.elf
 
arm-none-eabi-size   Smart\ fuses.elf 
arm-none-eabi-objdump -h -S  Smart\ fuses.elf  > "Smart fuses.list"
   text	   data	    bss	    dec	    hex	filename
   9372	     24	   1716	  11112	   2b68	Smart fuses.elf
Finished building: default.size.stdout
 
Finished building: Smart fuses.list
 
18:55:10 **** Incremental Build of configuration Debug for project Smart fuses ****
make -j8 all 
arm-none-eabi-g++ "../Core/Src/main.cpp" -mcpu=cortex-m4 -std=gnu++14 -g3 -DDEBUG -DUSE_HAL_DRIVER -DSTM32L4P5xx -c -I../Core/Inc -I../Drivers/STM32L4xx_HAL_Driver/Inc -I../Drivers/STM32L4xx_HAL_Driver/Inc/Legacy -I../Drivers/CMSIS/Device/ST/STM32L4xx/Include -I../Drivers/CMSIS/Include -O1 -ffunction-sections -fdata-sections -fno-exceptions -fno-rtti -fno-use-cxa-atexit -Wall -fstack-usage -MMD -MP -MF"Core/Src/main.d" -MT"Core/Src/main.o" --specs=nano.specs -mfpu=fpv4-sp-d16 -mfloat-abi=hard -mthumb -o "Core/Src/main.o"
../Core/Src/main.cpp: In function 'int main()':
../Core/Src/main.cpp:172:7: warning: unused variable 'toggle_fuses' [-Wunused-variable]
  172 |  bool toggle_fuses = false;
      |       ^~~~~~~~~~~~
arm-none-eabi-g++ -o "Smart fuses.elf" @"objects.list"   -mcpu=cortex-m4 -T"C:\Users\pile\Desktop\wszytko inne\prywata\folder\PUTM_EV_SMART_FUSES_2022\firmware\Smart fuses\STM32L4P5RGTX_FLASH.ld" --specs=nosys.specs -Wl,-Map="Smart fuses.map" -Wl,--gc-sections -static --specs=nano.specs -mfpu=fpv4-sp-d16 -mfloat-abi=hard -mthumb -Wl,--start-group -lc -lm -lstdc++ -lsupc++ -Wl,--end-group
Finished building target: Smart fuses.elf
 
arm-none-eabi-size   Smart\ fuses.elf 
arm-none-eabi-objdump -h -S  Smart\ fuses.elf  > "Smart fuses.list"
   text	   data	    bss	    dec	    hex	filename
   9340	     24	   1716	  11080	   2b48	Smart fuses.elf
Finished building: default.size.stdout
 
Finished building: Smart fuses.list
 
18:59:08 **** Incremental Build of configuration Debug for project Smart fuses ****
make -j8 all 
arm-none-eabi-g++ "../Core/Src/main.cpp" -mcpu=cortex-m4 -std=gnu++14 -g3 -DDEBUG -DUSE_HAL_DRIVER -DSTM32L4P5xx -c -I../Core/Inc -I../Drivers/STM32L4xx_HAL_Driver/Inc -I../Drivers/STM32L4xx_HAL_Driver/Inc/Legacy -I../Drivers/CMSIS/Device/ST/STM32L4xx/Include -I../Drivers/CMSIS/Include -O1 -ffunction-sections -fdata-sections -fno-exceptions -fno-rtti -fno-use-cxa-atexit -Wall -fstack-usage -MMD -MP -MF"Core/Src/main.d" -MT"Core/Src/main.o" --specs=nano.specs -mfpu=fpv4-sp-d16 -mfloat-abi=hard -mthumb -o "Core/Src/main.o"
../Core/Src/main.cpp: In function 'int main()':
../Core/Src/main.cpp:172:7: warning: unused variable 'toggle_fuses' [-Wunused-variable]
  172 |  bool toggle_fuses = false;
      |       ^~~~~~~~~~~~
arm-none-eabi-g++ -o "Smart fuses.elf" @"objects.list"   -mcpu=cortex-m4 -T"C:\Users\pile\Desktop\wszytko inne\prywata\folder\PUTM_EV_SMART_FUSES_2022\firmware\Smart fuses\STM32L4P5RGTX_FLASH.ld" --specs=nosys.specs -Wl,-Map="Smart fuses.map" -Wl,--gc-sections -static --specs=nano.specs -mfpu=fpv4-sp-d16 -mfloat-abi=hard -mthumb -Wl,--start-group -lc -lm -lstdc++ -lsupc++ -Wl,--end-group
Finished building target: Smart fuses.elf
 
arm-none-eabi-size   Smart\ fuses.elf 
arm-none-eabi-objdump -h -S  Smart\ fuses.elf  > "Smart fuses.list"
   text	   data	    bss	    dec	    hex	filename
   9428	     24	   1716	  11168	   2ba0	Smart fuses.elf
Finished building: default.size.stdout
 
Finished building: Smart fuses.list
 
19:01:05 **** Incremental Build of configuration Debug for project Smart fuses ****
make -j8 all 
arm-none-eabi-size   Smart\ fuses.elf 
   text	   data	    bss	    dec	    hex	filename
   9428	     24	   1716	  11168	   2ba0	Smart fuses.elf
Finished building: default.size.stdout
 
19:02:09 **** Incremental Build of configuration Debug for project Smart fuses ****
make -j8 all 
arm-none-eabi-size   Smart\ fuses.elf 
   text	   data	    bss	    dec	    hex	filename
   9428	     24	   1716	  11168	   2ba0	Smart fuses.elf
Finished building: default.size.stdout
 
19:03:15 **** Incremental Build of configuration Debug for project Smart fuses ****
make -j8 all 
arm-none-eabi-size   Smart\ fuses.elf 
   text	   data	    bss	    dec	    hex	filename
   9428	     24	   1716	  11168	   2ba0	Smart fuses.elf
Finished building: default.size.stdout
 
19:03:19 **** Incremental Build of configuration Debug for project Smart fuses ****
make -j8 all 
arm-none-eabi-size   Smart\ fuses.elf 
   text	   data	    bss	    dec	    hex	filename
   9428	     24	   1716	  11168	   2ba0	Smart fuses.elf
Finished building: default.size.stdout
 
19:06:04 **** Incremental Build of configuration Debug for project Smart fuses ****
make -j8 all 
arm-none-eabi-g++ "../Core/Src/main.cpp" -mcpu=cortex-m4 -std=gnu++14 -g3 -DDEBUG -DUSE_HAL_DRIVER -DSTM32L4P5xx -c -I../Core/Inc -I../Drivers/STM32L4xx_HAL_Driver/Inc -I../Drivers/STM32L4xx_HAL_Driver/Inc/Legacy -I../Drivers/CMSIS/Device/ST/STM32L4xx/Include -I../Drivers/CMSIS/Include -O1 -ffunction-sections -fdata-sections -fno-exceptions -fno-rtti -fno-use-cxa-atexit -Wall -fstack-usage -MMD -MP -MF"Core/Src/main.d" -MT"Core/Src/main.o" --specs=nano.specs -mfpu=fpv4-sp-d16 -mfloat-abi=hard -mthumb -o "Core/Src/main.o"
../Core/Src/main.cpp: In function 'int main()':
../Core/Src/main.cpp:172:7: warning: unused variable 'toggle_fuses' [-Wunused-variable]
  172 |  bool toggle_fuses = false;
      |       ^~~~~~~~~~~~
arm-none-eabi-g++ -o "Smart fuses.elf" @"objects.list"   -mcpu=cortex-m4 -T"C:\Users\pile\Desktop\wszytko inne\prywata\folder\PUTM_EV_SMART_FUSES_2022\firmware\Smart fuses\STM32L4P5RGTX_FLASH.ld" --specs=nosys.specs -Wl,-Map="Smart fuses.map" -Wl,--gc-sections -static --specs=nano.specs -mfpu=fpv4-sp-d16 -mfloat-abi=hard -mthumb -Wl,--start-group -lc -lm -lstdc++ -lsupc++ -Wl,--end-group
Finished building target: Smart fuses.elf
 
arm-none-eabi-size   Smart\ fuses.elf 
arm-none-eabi-objdump -h -S  Smart\ fuses.elf  > "Smart fuses.list"
   text	   data	    bss	    dec	    hex	filename
   9416	     24	   1716	  11156	   2b94	Smart fuses.elf
Finished building: default.size.stdout
 
Finished building: Smart fuses.list
 
19:07:30 **** Incremental Build of configuration Debug for project Smart fuses ****
make -j8 all 
arm-none-eabi-size   Smart\ fuses.elf 
   text	   data	    bss	    dec	    hex	filename
   9416	     24	   1716	  11156	   2b94	Smart fuses.elf
Finished building: default.size.stdout
 
19:08:28 **** Incremental Build of configuration Debug for project Smart fuses ****
make -j8 all 
arm-none-eabi-size   Smart\ fuses.elf 
   text	   data	    bss	    dec	    hex	filename
   9416	     24	   1716	  11156	   2b94	Smart fuses.elf
Finished building: default.size.stdout
 
19:11:40 **** Incremental Build of configuration Debug for project Smart fuses ****
make -j8 all 
arm-none-eabi-g++ "../Core/Src/main.cpp" -mcpu=cortex-m4 -std=gnu++14 -g3 -DDEBUG -DUSE_HAL_DRIVER -DSTM32L4P5xx -c -I../Core/Inc -I../Drivers/STM32L4xx_HAL_Driver/Inc -I../Drivers/STM32L4xx_HAL_Driver/Inc/Legacy -I../Drivers/CMSIS/Device/ST/STM32L4xx/Include -I../Drivers/CMSIS/Include -O1 -ffunction-sections -fdata-sections -fno-exceptions -fno-rtti -fno-use-cxa-atexit -Wall -fstack-usage -MMD -MP -MF"Core/Src/main.d" -MT"Core/Src/main.o" --specs=nano.specs -mfpu=fpv4-sp-d16 -mfloat-abi=hard -mthumb -o "Core/Src/main.o"
../Core/Src/main.cpp: In function 'int main()':
../Core/Src/main.cpp:172:7: warning: unused variable 'toggle_fuses' [-Wunused-variable]
  172 |  bool toggle_fuses = false;
      |       ^~~~~~~~~~~~
arm-none-eabi-g++ -o "Smart fuses.elf" @"objects.list"   -mcpu=cortex-m4 -T"C:\Users\pile\Desktop\wszytko inne\prywata\folder\PUTM_EV_SMART_FUSES_2022\firmware\Smart fuses\STM32L4P5RGTX_FLASH.ld" --specs=nosys.specs -Wl,-Map="Smart fuses.map" -Wl,--gc-sections -static --specs=nano.specs -mfpu=fpv4-sp-d16 -mfloat-abi=hard -mthumb -Wl,--start-group -lc -lm -lstdc++ -lsupc++ -Wl,--end-group
Finished building target: Smart fuses.elf
 
arm-none-eabi-size   Smart\ fuses.elf 
arm-none-eabi-objdump -h -S  Smart\ fuses.elf  > "Smart fuses.list"
   text	   data	    bss	    dec	    hex	filename
   9420	     24	   1716	  11160	   2b98	Smart fuses.elf
Finished building: default.size.stdout
 
Finished building: Smart fuses.list
 
19:13:43 **** Incremental Build of configuration Debug for project Smart fuses ****
make -j8 all 
arm-none-eabi-g++ "../Core/Src/main.cpp" -mcpu=cortex-m4 -std=gnu++14 -g3 -DDEBUG -DUSE_HAL_DRIVER -DSTM32L4P5xx -c -I../Core/Inc -I../Drivers/STM32L4xx_HAL_Driver/Inc -I../Drivers/STM32L4xx_HAL_Driver/Inc/Legacy -I../Drivers/CMSIS/Device/ST/STM32L4xx/Include -I../Drivers/CMSIS/Include -O1 -ffunction-sections -fdata-sections -fno-exceptions -fno-rtti -fno-use-cxa-atexit -Wall -fstack-usage -MMD -MP -MF"Core/Src/main.d" -MT"Core/Src/main.o" --specs=nano.specs -mfpu=fpv4-sp-d16 -mfloat-abi=hard -mthumb -o "Core/Src/main.o"
arm-none-eabi-g++ -o "Smart fuses.elf" @"objects.list"   -mcpu=cortex-m4 -T"C:\Users\pile\Desktop\wszytko inne\prywata\folder\PUTM_EV_SMART_FUSES_2022\firmware\Smart fuses\STM32L4P5RGTX_FLASH.ld" --specs=nosys.specs -Wl,-Map="Smart fuses.map" -Wl,--gc-sections -static --specs=nano.specs -mfpu=fpv4-sp-d16 -mfloat-abi=hard -mthumb -Wl,--start-group -lc -lm -lstdc++ -lsupc++ -Wl,--end-group
Finished building target: Smart fuses.elf
 
arm-none-eabi-size   Smart\ fuses.elf 
arm-none-eabi-objdump -h -S  Smart\ fuses.elf  > "Smart fuses.list"
   text	   data	    bss	    dec	    hex	filename
   9536	     24	   1716	  11276	   2c0c	Smart fuses.elf
Finished building: default.size.stdout
 
Finished building: Smart fuses.list
 
19:14:32 **** Incremental Build of configuration Debug for project Smart fuses ****
make -j8 all 
arm-none-eabi-g++ "../Core/Src/main.cpp" -mcpu=cortex-m4 -std=gnu++14 -g3 -DDEBUG -DUSE_HAL_DRIVER -DSTM32L4P5xx -c -I../Core/Inc -I../Drivers/STM32L4xx_HAL_Driver/Inc -I../Drivers/STM32L4xx_HAL_Driver/Inc/Legacy -I../Drivers/CMSIS/Device/ST/STM32L4xx/Include -I../Drivers/CMSIS/Include -O1 -ffunction-sections -fdata-sections -fno-exceptions -fno-rtti -fno-use-cxa-atexit -Wall -fstack-usage -MMD -MP -MF"Core/Src/main.d" -MT"Core/Src/main.o" --specs=nano.specs -mfpu=fpv4-sp-d16 -mfloat-abi=hard -mthumb -o "Core/Src/main.o"
arm-none-eabi-g++ -o "Smart fuses.elf" @"objects.list"   -mcpu=cortex-m4 -T"C:\Users\pile\Desktop\wszytko inne\prywata\folder\PUTM_EV_SMART_FUSES_2022\firmware\Smart fuses\STM32L4P5RGTX_FLASH.ld" --specs=nosys.specs -Wl,-Map="Smart fuses.map" -Wl,--gc-sections -static --specs=nano.specs -mfpu=fpv4-sp-d16 -mfloat-abi=hard -mthumb -Wl,--start-group -lc -lm -lstdc++ -lsupc++ -Wl,--end-group
Finished building target: Smart fuses.elf
 
arm-none-eabi-size   Smart\ fuses.elf 
arm-none-eabi-objdump -h -S  Smart\ fuses.elf  > "Smart fuses.list"
   text	   data	    bss	    dec	    hex	filename
   9640	     24	   1716	  11380	   2c74	Smart fuses.elf
Finished building: default.size.stdout
 
Finished building: Smart fuses.list
 
20:03:45 **** Incremental Build of configuration Debug for project Smart fuses ****
make -j8 all 
arm-none-eabi-g++ "../Core/Src/main.cpp" -mcpu=cortex-m4 -std=gnu++14 -g3 -DDEBUG -DUSE_HAL_DRIVER -DSTM32L4P5xx -c -I../Core/Inc -I../Drivers/STM32L4xx_HAL_Driver/Inc -I../Drivers/STM32L4xx_HAL_Driver/Inc/Legacy -I../Drivers/CMSIS/Device/ST/STM32L4xx/Include -I../Drivers/CMSIS/Include -O1 -ffunction-sections -fdata-sections -fno-exceptions -fno-rtti -fno-use-cxa-atexit -Wall -fstack-usage -MMD -MP -MF"Core/Src/main.d" -MT"Core/Src/main.o" --specs=nano.specs -mfpu=fpv4-sp-d16 -mfloat-abi=hard -mthumb -o "Core/Src/main.o"
arm-none-eabi-g++ -o "Smart fuses.elf" @"objects.list"   -mcpu=cortex-m4 -T"C:\Users\pile\Desktop\wszytko inne\prywata\folder\PUTM_EV_SMART_FUSES_2022\firmware\Smart fuses\STM32L4P5RGTX_FLASH.ld" --specs=nosys.specs -Wl,-Map="Smart fuses.map" -Wl,--gc-sections -static --specs=nano.specs -mfpu=fpv4-sp-d16 -mfloat-abi=hard -mthumb -Wl,--start-group -lc -lm -lstdc++ -lsupc++ -Wl,--end-group
Finished building target: Smart fuses.elf
 
arm-none-eabi-size   Smart\ fuses.elf 
arm-none-eabi-objdump -h -S  Smart\ fuses.elf  > "Smart fuses.list"
   text	   data	    bss	    dec	    hex	filename
   9672	     24	   1716	  11412	   2c94	Smart fuses.elf
Finished building: default.size.stdout
 
Finished building: Smart fuses.list
 
20:04:21 **** Incremental Build of configuration Debug for project Smart fuses ****
make -j8 all 
arm-none-eabi-size   Smart\ fuses.elf 
   text	   data	    bss	    dec	    hex	filename
   9672	     24	   1716	  11412	   2c94	Smart fuses.elf
Finished building: default.size.stdout
 
20:41:28 **** Incremental Build of configuration Debug for project Smart fuses ****
make -j8 all 
arm-none-eabi-g++ "../Core/Src/main.cpp" -mcpu=cortex-m4 -std=gnu++14 -g3 -DDEBUG -DUSE_HAL_DRIVER -DSTM32L4P5xx -c -I../Core/Inc -I../Drivers/STM32L4xx_HAL_Driver/Inc -I../Drivers/STM32L4xx_HAL_Driver/Inc/Legacy -I../Drivers/CMSIS/Device/ST/STM32L4xx/Include -I../Drivers/CMSIS/Include -O1 -ffunction-sections -fdata-sections -fno-exceptions -fno-rtti -fno-use-cxa-atexit -Wall -fstack-usage -MMD -MP -MF"Core/Src/main.d" -MT"Core/Src/main.o" --specs=nano.specs -mfpu=fpv4-sp-d16 -mfloat-abi=hard -mthumb -o "Core/Src/main.o"
../Core/Src/main.cpp: In function 'int main()':
../Core/Src/main.cpp:176:34: warning: suggest parentheses around arithmetic in operand of '|' [-Wparentheses]
  176 |   MODIFY(tx_data, WRITE_RAM(0x00 + i), 0, 1 << 2);
      |                             ~~~~~^~~
../Core/Src/main.cpp:65:46: note: in definition of macro 'MODIFY'
   65 | #define MODIFY(array, _0, _1, _2) array[0] = _0; array[1] = _1; array[2] = _2;
      |                                              ^~
../Core/Src/main.cpp:176:19: note: in expansion of macro 'WRITE_RAM'
  176 |   MODIFY(tx_data, WRITE_RAM(0x00 + i), 0, 1 << 2);
      |                   ^~~~~~~~~
arm-none-eabi-g++ -o "Smart fuses.elf" @"objects.list"   -mcpu=cortex-m4 -T"C:\Users\pile\Desktop\wszytko inne\prywata\folder\PUTM_EV_SMART_FUSES_2022\firmware\Smart fuses\STM32L4P5RGTX_FLASH.ld" --specs=nosys.specs -Wl,-Map="Smart fuses.map" -Wl,--gc-sections -static --specs=nano.specs -mfpu=fpv4-sp-d16 -mfloat-abi=hard -mthumb -Wl,--start-group -lc -lm -lstdc++ -lsupc++ -Wl,--end-group
Finished building target: Smart fuses.elf
 
arm-none-eabi-size   Smart\ fuses.elf 
arm-none-eabi-objdump -h -S  Smart\ fuses.elf  > "Smart fuses.list"
   text	   data	    bss	    dec	    hex	filename
   9756	     24	   1716	  11496	   2ce8	Smart fuses.elf
Finished building: default.size.stdout
 
Finished building: Smart fuses.list
 
20:45:38 **** Incremental Build of configuration Debug for project Smart fuses ****
make -j8 all 
arm-none-eabi-g++ "../Core/Src/main.cpp" -mcpu=cortex-m4 -std=gnu++14 -g3 -DDEBUG -DUSE_HAL_DRIVER -DSTM32L4P5xx -c -I../Core/Inc -I../Drivers/STM32L4xx_HAL_Driver/Inc -I../Drivers/STM32L4xx_HAL_Driver/Inc/Legacy -I../Drivers/CMSIS/Device/ST/STM32L4xx/Include -I../Drivers/CMSIS/Include -O1 -ffunction-sections -fdata-sections -fno-exceptions -fno-rtti -fno-use-cxa-atexit -Wall -fstack-usage -MMD -MP -MF"Core/Src/main.d" -MT"Core/Src/main.o" --specs=nano.specs -mfpu=fpv4-sp-d16 -mfloat-abi=hard -mthumb -o "Core/Src/main.o"
arm-none-eabi-g++ -o "Smart fuses.elf" @"objects.list"   -mcpu=cortex-m4 -T"C:\Users\pile\Desktop\wszytko inne\prywata\folder\PUTM_EV_SMART_FUSES_2022\firmware\Smart fuses\STM32L4P5RGTX_FLASH.ld" --specs=nosys.specs -Wl,-Map="Smart fuses.map" -Wl,--gc-sections -static --specs=nano.specs -mfpu=fpv4-sp-d16 -mfloat-abi=hard -mthumb -Wl,--start-group -lc -lm -lstdc++ -lsupc++ -Wl,--end-group
Finished building target: Smart fuses.elf
 
arm-none-eabi-size   Smart\ fuses.elf 
arm-none-eabi-objdump -h -S  Smart\ fuses.elf  > "Smart fuses.list"
   text	   data	    bss	    dec	    hex	filename
   9716	     24	   1716	  11456	   2cc0	Smart fuses.elf
Finished building: default.size.stdout
 
Finished building: Smart fuses.list
 
20:48:21 **** Incremental Build of configuration Debug for project Smart fuses ****
make -j8 all 
arm-none-eabi-size   Smart\ fuses.elf 
   text	   data	    bss	    dec	    hex	filename
   9716	     24	   1716	  11456	   2cc0	Smart fuses.elf
Finished building: default.size.stdout
 
20:51:11 **** Incremental Build of configuration Debug for project Smart fuses ****
make -j8 all 
arm-none-eabi-g++ "../Core/Src/main.cpp" -mcpu=cortex-m4 -std=gnu++14 -g3 -DDEBUG -DUSE_HAL_DRIVER -DSTM32L4P5xx -c -I../Core/Inc -I../Drivers/STM32L4xx_HAL_Driver/Inc -I../Drivers/STM32L4xx_HAL_Driver/Inc/Legacy -I../Drivers/CMSIS/Device/ST/STM32L4xx/Include -I../Drivers/CMSIS/Include -O1 -ffunction-sections -fdata-sections -fno-exceptions -fno-rtti -fno-use-cxa-atexit -Wall -fstack-usage -MMD -MP -MF"Core/Src/main.d" -MT"Core/Src/main.o" --specs=nano.specs -mfpu=fpv4-sp-d16 -mfloat-abi=hard -mthumb -o "Core/Src/main.o"
arm-none-eabi-g++ -o "Smart fuses.elf" @"objects.list"   -mcpu=cortex-m4 -T"C:\Users\pile\Desktop\wszytko inne\prywata\folder\PUTM_EV_SMART_FUSES_2022\firmware\Smart fuses\STM32L4P5RGTX_FLASH.ld" --specs=nosys.specs -Wl,-Map="Smart fuses.map" -Wl,--gc-sections -static --specs=nano.specs -mfpu=fpv4-sp-d16 -mfloat-abi=hard -mthumb -Wl,--start-group -lc -lm -lstdc++ -lsupc++ -Wl,--end-group
Finished building target: Smart fuses.elf
 
arm-none-eabi-size   Smart\ fuses.elf 
arm-none-eabi-objdump -h -S  Smart\ fuses.elf  > "Smart fuses.list"
   text	   data	    bss	    dec	    hex	filename
   9700	     24	   1716	  11440	   2cb0	Smart fuses.elf
Finished building: default.size.stdout
 
Finished building: Smart fuses.list
 
20:53:43 **** Incremental Build of configuration Debug for project Smart fuses ****
make -j8 all 
arm-none-eabi-g++ "../Core/Src/main.cpp" -mcpu=cortex-m4 -std=gnu++14 -g3 -DDEBUG -DUSE_HAL_DRIVER -DSTM32L4P5xx -c -I../Core/Inc -I../Drivers/STM32L4xx_HAL_Driver/Inc -I../Drivers/STM32L4xx_HAL_Driver/Inc/Legacy -I../Drivers/CMSIS/Device/ST/STM32L4xx/Include -I../Drivers/CMSIS/Include -O1 -ffunction-sections -fdata-sections -fno-exceptions -fno-rtti -fno-use-cxa-atexit -Wall -fstack-usage -MMD -MP -MF"Core/Src/main.d" -MT"Core/Src/main.o" --specs=nano.specs -mfpu=fpv4-sp-d16 -mfloat-abi=hard -mthumb -o "Core/Src/main.o"
arm-none-eabi-g++ -o "Smart fuses.elf" @"objects.list"   -mcpu=cortex-m4 -T"C:\Users\pile\Desktop\wszytko inne\prywata\folder\PUTM_EV_SMART_FUSES_2022\firmware\Smart fuses\STM32L4P5RGTX_FLASH.ld" --specs=nosys.specs -Wl,-Map="Smart fuses.map" -Wl,--gc-sections -static --specs=nano.specs -mfpu=fpv4-sp-d16 -mfloat-abi=hard -mthumb -Wl,--start-group -lc -lm -lstdc++ -lsupc++ -Wl,--end-group
Finished building target: Smart fuses.elf
 
arm-none-eabi-size   Smart\ fuses.elf 
arm-none-eabi-objdump -h -S  Smart\ fuses.elf  > "Smart fuses.list"
   text	   data	    bss	    dec	    hex	filename
   9716	     24	   1716	  11456	   2cc0	Smart fuses.elf
Finished building: default.size.stdout
 
Finished building: Smart fuses.list
 
20:55:42 **** Incremental Build of configuration Debug for project Smart fuses ****
make -j8 all 
arm-none-eabi-g++ "../Core/Src/main.cpp" -mcpu=cortex-m4 -std=gnu++14 -g3 -DDEBUG -DUSE_HAL_DRIVER -DSTM32L4P5xx -c -I../Core/Inc -I../Drivers/STM32L4xx_HAL_Driver/Inc -I../Drivers/STM32L4xx_HAL_Driver/Inc/Legacy -I../Drivers/CMSIS/Device/ST/STM32L4xx/Include -I../Drivers/CMSIS/Include -O1 -ffunction-sections -fdata-sections -fno-exceptions -fno-rtti -fno-use-cxa-atexit -Wall -fstack-usage -MMD -MP -MF"Core/Src/main.d" -MT"Core/Src/main.o" --specs=nano.specs -mfpu=fpv4-sp-d16 -mfloat-abi=hard -mthumb -o "Core/Src/main.o"
arm-none-eabi-g++ -o "Smart fuses.elf" @"objects.list"   -mcpu=cortex-m4 -T"C:\Users\pile\Desktop\wszytko inne\prywata\folder\PUTM_EV_SMART_FUSES_2022\firmware\Smart fuses\STM32L4P5RGTX_FLASH.ld" --specs=nosys.specs -Wl,-Map="Smart fuses.map" -Wl,--gc-sections -static --specs=nano.specs -mfpu=fpv4-sp-d16 -mfloat-abi=hard -mthumb -Wl,--start-group -lc -lm -lstdc++ -lsupc++ -Wl,--end-group
Finished building target: Smart fuses.elf
 
arm-none-eabi-size   Smart\ fuses.elf 
arm-none-eabi-objdump -h -S  Smart\ fuses.elf  > "Smart fuses.list"
   text	   data	    bss	    dec	    hex	filename
   9724	     24	   1716	  11464	   2cc8	Smart fuses.elf
Finished building: default.size.stdout
 
Finished building: Smart fuses.list
 
21:03:04 **** Incremental Build of configuration Debug for project Smart fuses ****
make -j8 all 
arm-none-eabi-g++ "../Core/Src/main.cpp" -mcpu=cortex-m4 -std=gnu++14 -g3 -DDEBUG -DUSE_HAL_DRIVER -DSTM32L4P5xx -c -I../Core/Inc -I../Drivers/STM32L4xx_HAL_Driver/Inc -I../Drivers/STM32L4xx_HAL_Driver/Inc/Legacy -I../Drivers/CMSIS/Device/ST/STM32L4xx/Include -I../Drivers/CMSIS/Include -O1 -ffunction-sections -fdata-sections -fno-exceptions -fno-rtti -fno-use-cxa-atexit -Wall -fstack-usage -MMD -MP -MF"Core/Src/main.d" -MT"Core/Src/main.o" --specs=nano.specs -mfpu=fpv4-sp-d16 -mfloat-abi=hard -mthumb -o "Core/Src/main.o"
../Core/Src/main.cpp: In function 'int main()':
../Core/Src/main.cpp:176:34: warning: suggest parentheses around arithmetic in operand of '|' [-Wparentheses]
  176 |   MODIFY(tx_data, WRITE_RAM(0x08 + i), 0, 1 << 1);
      |                             ~~~~~^~~
../Core/Src/main.cpp:65:46: note: in definition of macro 'MODIFY'
   65 | #define MODIFY(array, _0, _1, _2) array[0] = _0; array[1] = _1; array[2] = _2;
      |                                              ^~
../Core/Src/main.cpp:176:19: note: in expansion of macro 'WRITE_RAM'
  176 |   MODIFY(tx_data, WRITE_RAM(0x08 + i), 0, 1 << 1);
      |                   ^~~~~~~~~
arm-none-eabi-g++ -o "Smart fuses.elf" @"objects.list"   -mcpu=cortex-m4 -T"C:\Users\pile\Desktop\wszytko inne\prywata\folder\PUTM_EV_SMART_FUSES_2022\firmware\Smart fuses\STM32L4P5RGTX_FLASH.ld" --specs=nosys.specs -Wl,-Map="Smart fuses.map" -Wl,--gc-sections -static --specs=nano.specs -mfpu=fpv4-sp-d16 -mfloat-abi=hard -mthumb -Wl,--start-group -lc -lm -lstdc++ -lsupc++ -Wl,--end-group
Finished building target: Smart fuses.elf
 
arm-none-eabi-size   Smart\ fuses.elf 
arm-none-eabi-objdump -h -S  Smart\ fuses.elf  > "Smart fuses.list"
   text	   data	    bss	    dec	    hex	filename
   9712	     24	   1716	  11452	   2cbc	Smart fuses.elf
Finished building: default.size.stdout
 
Finished building: Smart fuses.list
 
21:04:48 **** Incremental Build of configuration Debug for project Smart fuses ****
make -j8 all 
arm-none-eabi-g++ "../Core/Src/main.cpp" -mcpu=cortex-m4 -std=gnu++14 -g3 -DDEBUG -DUSE_HAL_DRIVER -DSTM32L4P5xx -c -I../Core/Inc -I../Drivers/STM32L4xx_HAL_Driver/Inc -I../Drivers/STM32L4xx_HAL_Driver/Inc/Legacy -I../Drivers/CMSIS/Device/ST/STM32L4xx/Include -I../Drivers/CMSIS/Include -O1 -ffunction-sections -fdata-sections -fno-exceptions -fno-rtti -fno-use-cxa-atexit -Wall -fstack-usage -MMD -MP -MF"Core/Src/main.d" -MT"Core/Src/main.o" --specs=nano.specs -mfpu=fpv4-sp-d16 -mfloat-abi=hard -mthumb -o "Core/Src/main.o"
arm-none-eabi-g++ -o "Smart fuses.elf" @"objects.list"   -mcpu=cortex-m4 -T"C:\Users\pile\Desktop\wszytko inne\prywata\folder\PUTM_EV_SMART_FUSES_2022\firmware\Smart fuses\STM32L4P5RGTX_FLASH.ld" --specs=nosys.specs -Wl,-Map="Smart fuses.map" -Wl,--gc-sections -static --specs=nano.specs -mfpu=fpv4-sp-d16 -mfloat-abi=hard -mthumb -Wl,--start-group -lc -lm -lstdc++ -lsupc++ -Wl,--end-group
Finished building target: Smart fuses.elf
 
arm-none-eabi-size   Smart\ fuses.elf 
arm-none-eabi-objdump -h -S  Smart\ fuses.elf  > "Smart fuses.list"
   text	   data	    bss	    dec	    hex	filename
   9712	     24	   1716	  11452	   2cbc	Smart fuses.elf
Finished building: default.size.stdout
 
Finished building: Smart fuses.list
 
21:06:08 **** Incremental Build of configuration Debug for project Smart fuses ****
make -j8 all 
arm-none-eabi-g++ "../Core/Src/main.cpp" -mcpu=cortex-m4 -std=gnu++14 -g3 -DDEBUG -DUSE_HAL_DRIVER -DSTM32L4P5xx -c -I../Core/Inc -I../Drivers/STM32L4xx_HAL_Driver/Inc -I../Drivers/STM32L4xx_HAL_Driver/Inc/Legacy -I../Drivers/CMSIS/Device/ST/STM32L4xx/Include -I../Drivers/CMSIS/Include -O1 -ffunction-sections -fdata-sections -fno-exceptions -fno-rtti -fno-use-cxa-atexit -Wall -fstack-usage -MMD -MP -MF"Core/Src/main.d" -MT"Core/Src/main.o" --specs=nano.specs -mfpu=fpv4-sp-d16 -mfloat-abi=hard -mthumb -o "Core/Src/main.o"
arm-none-eabi-g++ -o "Smart fuses.elf" @"objects.list"   -mcpu=cortex-m4 -T"C:\Users\pile\Desktop\wszytko inne\prywata\folder\PUTM_EV_SMART_FUSES_2022\firmware\Smart fuses\STM32L4P5RGTX_FLASH.ld" --specs=nosys.specs -Wl,-Map="Smart fuses.map" -Wl,--gc-sections -static --specs=nano.specs -mfpu=fpv4-sp-d16 -mfloat-abi=hard -mthumb -Wl,--start-group -lc -lm -lstdc++ -lsupc++ -Wl,--end-group
Finished building target: Smart fuses.elf
 
arm-none-eabi-size   Smart\ fuses.elf 
arm-none-eabi-objdump -h -S  Smart\ fuses.elf  > "Smart fuses.list"
   text	   data	    bss	    dec	    hex	filename
   9712	     24	   1716	  11452	   2cbc	Smart fuses.elf
Finished building: default.size.stdout
 
Finished building: Smart fuses.list
 
21:06:32 **** Incremental Build of configuration Debug for project Smart fuses ****
make -j8 all 
arm-none-eabi-size   Smart\ fuses.elf 
   text	   data	    bss	    dec	    hex	filename
   9712	     24	   1716	  11452	   2cbc	Smart fuses.elf
Finished building: default.size.stdout
 
21:12:31 **** Incremental Build of configuration Debug for project Smart fuses ****
make -j8 all 
arm-none-eabi-g++ "../Core/Src/main.cpp" -mcpu=cortex-m4 -std=gnu++14 -g3 -DDEBUG -DUSE_HAL_DRIVER -DSTM32L4P5xx -c -I../Core/Inc -I../Drivers/STM32L4xx_HAL_Driver/Inc -I../Drivers/STM32L4xx_HAL_Driver/Inc/Legacy -I../Drivers/CMSIS/Device/ST/STM32L4xx/Include -I../Drivers/CMSIS/Include -O1 -ffunction-sections -fdata-sections -fno-exceptions -fno-rtti -fno-use-cxa-atexit -Wall -fstack-usage -MMD -MP -MF"Core/Src/main.d" -MT"Core/Src/main.o" --specs=nano.specs -mfpu=fpv4-sp-d16 -mfloat-abi=hard -mthumb -o "Core/Src/main.o"
arm-none-eabi-g++ -o "Smart fuses.elf" @"objects.list"   -mcpu=cortex-m4 -T"C:\Users\pile\Desktop\wszytko inne\prywata\folder\PUTM_EV_SMART_FUSES_2022\firmware\Smart fuses\STM32L4P5RGTX_FLASH.ld" --specs=nosys.specs -Wl,-Map="Smart fuses.map" -Wl,--gc-sections -static --specs=nano.specs -mfpu=fpv4-sp-d16 -mfloat-abi=hard -mthumb -Wl,--start-group -lc -lm -lstdc++ -lsupc++ -Wl,--end-group
Finished building target: Smart fuses.elf
 
arm-none-eabi-size   Smart\ fuses.elf 
arm-none-eabi-objdump -h -S  Smart\ fuses.elf  > "Smart fuses.list"
   text	   data	    bss	    dec	    hex	filename
   9736	     24	   1716	  11476	   2cd4	Smart fuses.elf
Finished building: default.size.stdout
 
Finished building: Smart fuses.list
 
20:31:28 **** Incremental Build of configuration Debug for project Smart fuses ****
make -j8 all 
arm-none-eabi-g++ "../Core/Src/main.cpp" -mcpu=cortex-m4 -std=gnu++14 -g3 -DDEBUG -DUSE_HAL_DRIVER -DSTM32L4P5xx -c -I../Core/Inc -I../Drivers/STM32L4xx_HAL_Driver/Inc -I../Drivers/STM32L4xx_HAL_Driver/Inc/Legacy -I../Drivers/CMSIS/Device/ST/STM32L4xx/Include -I../Drivers/CMSIS/Include -O1 -ffunction-sections -fdata-sections -fno-exceptions -fno-rtti -fno-use-cxa-atexit -Wall -fstack-usage -MMD -MP -MF"Core/Src/main.d" -MT"Core/Src/main.o" --specs=nano.specs -mfpu=fpv4-sp-d16 -mfloat-abi=hard -mthumb -o "Core/Src/main.o"
../Core/Src/main.cpp: In function 'int main()':
../Core/Src/main.cpp:226:35: warning: suggest parentheses around arithmetic in operand of '|' [-Wparentheses]
  226 |     MODIFY(tx_data, READ_RAM(0x20 + i), 0, 0)
      |                              ~~~~~^~~
../Core/Src/main.cpp:65:46: note: in definition of macro 'MODIFY'
   65 | #define MODIFY(array, _0, _1, _2) array[0] = _0; array[1] = _1; array[2] = _2;
      |                                              ^~
../Core/Src/main.cpp:226:21: note: in expansion of macro 'READ_RAM'
  226 |     MODIFY(tx_data, READ_RAM(0x20 + i), 0, 0)
      |                     ^~~~~~~~
arm-none-eabi-g++ -o "Smart fuses.elf" @"objects.list"   -mcpu=cortex-m4 -T"C:\Users\pile\Desktop\wszytko inne\prywata\folder\PUTM_EV_SMART_FUSES_2022\firmware\Smart fuses\STM32L4P5RGTX_FLASH.ld" --specs=nosys.specs -Wl,-Map="Smart fuses.map" -Wl,--gc-sections -static --specs=nano.specs -mfpu=fpv4-sp-d16 -mfloat-abi=hard -mthumb -Wl,--start-group -lc -lm -lstdc++ -lsupc++ -Wl,--end-group
Finished building target: Smart fuses.elf
 
arm-none-eabi-size   Smart\ fuses.elf 
arm-none-eabi-objdump -h -S  Smart\ fuses.elf  > "Smart fuses.list"
   text	   data	    bss	    dec	    hex	filename
   9768	     24	   1716	  11508	   2cf4	Smart fuses.elf
Finished building: default.size.stdout
 
Finished building: Smart fuses.list
 
20:32:20 **** Incremental Build of configuration Debug for project Smart fuses ****
make -j8 all 
arm-none-eabi-size   Smart\ fuses.elf 
   text	   data	    bss	    dec	    hex	filename
   9768	     24	   1716	  11508	   2cf4	Smart fuses.elf
Finished building: default.size.stdout
 
20:33:12 **** Incremental Build of configuration Debug for project Smart fuses ****
make -j8 all 
arm-none-eabi-size   Smart\ fuses.elf 
   text	   data	    bss	    dec	    hex	filename
   9768	     24	   1716	  11508	   2cf4	Smart fuses.elf
Finished building: default.size.stdout
 
20:34:23 **** Incremental Build of configuration Debug for project Smart fuses ****
make -j8 all 
arm-none-eabi-g++ "../Core/Src/main.cpp" -mcpu=cortex-m4 -std=gnu++14 -g3 -DDEBUG -DUSE_HAL_DRIVER -DSTM32L4P5xx -c -I../Core/Inc -I../Drivers/STM32L4xx_HAL_Driver/Inc -I../Drivers/STM32L4xx_HAL_Driver/Inc/Legacy -I../Drivers/CMSIS/Device/ST/STM32L4xx/Include -I../Drivers/CMSIS/Include -O1 -ffunction-sections -fdata-sections -fno-exceptions -fno-rtti -fno-use-cxa-atexit -Wall -fstack-usage -MMD -MP -MF"Core/Src/main.d" -MT"Core/Src/main.o" --specs=nano.specs -mfpu=fpv4-sp-d16 -mfloat-abi=hard -mthumb -o "Core/Src/main.o"
../Core/Src/main.cpp: In function 'int main()':
../Core/Src/main.cpp:226:35: warning: suggest parentheses around arithmetic in operand of '|' [-Wparentheses]
  226 |     MODIFY(tx_data, READ_RAM(0x20 + i), 0, 0)
      |                              ~~~~~^~~
../Core/Src/main.cpp:65:46: note: in definition of macro 'MODIFY'
   65 | #define MODIFY(array, _0, _1, _2) array[0] = _0; array[1] = _1; array[2] = _2;
      |                                              ^~
../Core/Src/main.cpp:226:21: note: in expansion of macro 'READ_RAM'
  226 |     MODIFY(tx_data, READ_RAM(0x20 + i), 0, 0)
      |                     ^~~~~~~~
../Core/Src/main.cpp:229:22: error: expected unqualified-id before '=' token
  229 |     volatile uint8_t = tx_data;
      |                      ^
make: *** [Core/Src/subdir.mk:55: Core/Src/main.o] Error 1
"make -j8 all" terminated with exit code 2. Build might be incomplete.
20:34:48 **** Incremental Build of configuration Debug for project Smart fuses ****
make -j8 all 
arm-none-eabi-g++ "../Core/Src/main.cpp" -mcpu=cortex-m4 -std=gnu++14 -g3 -DDEBUG -DUSE_HAL_DRIVER -DSTM32L4P5xx -c -I../Core/Inc -I../Drivers/STM32L4xx_HAL_Driver/Inc -I../Drivers/STM32L4xx_HAL_Driver/Inc/Legacy -I../Drivers/CMSIS/Device/ST/STM32L4xx/Include -I../Drivers/CMSIS/Include -O1 -ffunction-sections -fdata-sections -fno-exceptions -fno-rtti -fno-use-cxa-atexit -Wall -fstack-usage -MMD -MP -MF"Core/Src/main.d" -MT"Core/Src/main.o" --specs=nano.specs -mfpu=fpv4-sp-d16 -mfloat-abi=hard -mthumb -o "Core/Src/main.o"
../Core/Src/main.cpp: In function 'int main()':
../Core/Src/main.cpp:226:35: warning: suggest parentheses around arithmetic in operand of '|' [-Wparentheses]
  226 |     MODIFY(tx_data, READ_RAM(0x20 + i), 0, 0)
      |                              ~~~~~^~~
../Core/Src/main.cpp:65:46: note: in definition of macro 'MODIFY'
   65 | #define MODIFY(array, _0, _1, _2) array[0] = _0; array[1] = _1; array[2] = _2;
      |                                              ^~
../Core/Src/main.cpp:226:21: note: in expansion of macro 'READ_RAM'
  226 |     MODIFY(tx_data, READ_RAM(0x20 + i), 0, 0)
      |                     ^~~~~~~~
../Core/Src/main.cpp:229:28: error: invalid conversion from 'uint8_t*' {aka 'unsigned char*'} to 'uint8_t' {aka 'unsigned char'} [-fpermissive]
  229 |     volatile uint8_t kek = tx_data;
      |                            ^~~~~~~
      |                            |
      |                            uint8_t* {aka unsigned char*}
../Core/Src/main.cpp:229:22: warning: unused variable 'kek' [-Wunused-variable]
  229 |     volatile uint8_t kek = tx_data;
      |                      ^~~
make: *** [Core/Src/subdir.mk:55: Core/Src/main.o] Error 1
"make -j8 all" terminated with exit code 2. Build might be incomplete.
20:35:01 **** Incremental Build of configuration Debug for project Smart fuses ****
make -j8 all 
arm-none-eabi-g++ "../Core/Src/main.cpp" -mcpu=cortex-m4 -std=gnu++14 -g3 -DDEBUG -DUSE_HAL_DRIVER -DSTM32L4P5xx -c -I../Core/Inc -I../Drivers/STM32L4xx_HAL_Driver/Inc -I../Drivers/STM32L4xx_HAL_Driver/Inc/Legacy -I../Drivers/CMSIS/Device/ST/STM32L4xx/Include -I../Drivers/CMSIS/Include -O1 -ffunction-sections -fdata-sections -fno-exceptions -fno-rtti -fno-use-cxa-atexit -Wall -fstack-usage -MMD -MP -MF"Core/Src/main.d" -MT"Core/Src/main.o" --specs=nano.specs -mfpu=fpv4-sp-d16 -mfloat-abi=hard -mthumb -o "Core/Src/main.o"
../Core/Src/main.cpp: In function 'int main()':
../Core/Src/main.cpp:226:35: warning: suggest parentheses around arithmetic in operand of '|' [-Wparentheses]
  226 |     MODIFY(tx_data, READ_RAM(0x20 + i), 0, 0)
      |                              ~~~~~^~~
../Core/Src/main.cpp:65:46: note: in definition of macro 'MODIFY'
   65 | #define MODIFY(array, _0, _1, _2) array[0] = _0; array[1] = _1; array[2] = _2;
      |                                              ^~
../Core/Src/main.cpp:226:21: note: in expansion of macro 'READ_RAM'
  226 |     MODIFY(tx_data, READ_RAM(0x20 + i), 0, 0)
      |                     ^~~~~~~~
../Core/Src/main.cpp:229:22: warning: unused variable 'kek' [-Wunused-variable]
  229 |     volatile uint8_t kek = tx_data[1];
      |                      ^~~
arm-none-eabi-g++ -o "Smart fuses.elf" @"objects.list"   -mcpu=cortex-m4 -T"C:\Users\pile\Desktop\wszytko inne\prywata\folder\PUTM_EV_SMART_FUSES_2022\firmware\Smart fuses\STM32L4P5RGTX_FLASH.ld" --specs=nosys.specs -Wl,-Map="Smart fuses.map" -Wl,--gc-sections -static --specs=nano.specs -mfpu=fpv4-sp-d16 -mfloat-abi=hard -mthumb -Wl,--start-group -lc -lm -lstdc++ -lsupc++ -Wl,--end-group
Finished building target: Smart fuses.elf
 
arm-none-eabi-size   Smart\ fuses.elf 
arm-none-eabi-objdump -h -S  Smart\ fuses.elf  > "Smart fuses.list"
   text	   data	    bss	    dec	    hex	filename
   9776	     24	   1716	  11516	   2cfc	Smart fuses.elf
Finished building: default.size.stdout
 
Finished building: Smart fuses.list
 
20:35:39 **** Incremental Build of configuration Debug for project Smart fuses ****
make -j8 all 
arm-none-eabi-size   Smart\ fuses.elf 
   text	   data	    bss	    dec	    hex	filename
   9776	     24	   1716	  11516	   2cfc	Smart fuses.elf
Finished building: default.size.stdout
 
20:39:06 **** Incremental Build of configuration Debug for project Smart fuses ****
make -j8 all 
arm-none-eabi-g++ "../Core/Src/main.cpp" -mcpu=cortex-m4 -std=gnu++14 -g3 -DDEBUG -DUSE_HAL_DRIVER -DSTM32L4P5xx -c -I../Core/Inc -I../Drivers/STM32L4xx_HAL_Driver/Inc -I../Drivers/STM32L4xx_HAL_Driver/Inc/Legacy -I../Drivers/CMSIS/Device/ST/STM32L4xx/Include -I../Drivers/CMSIS/Include -O1 -ffunction-sections -fdata-sections -fno-exceptions -fno-rtti -fno-use-cxa-atexit -Wall -fstack-usage -MMD -MP -MF"Core/Src/main.d" -MT"Core/Src/main.o" --specs=nano.specs -mfpu=fpv4-sp-d16 -mfloat-abi=hard -mthumb -o "Core/Src/main.o"
../Core/Src/main.cpp: In function 'int main()':
../Core/Src/main.cpp:226:35: warning: suggest parentheses around arithmetic in operand of '|' [-Wparentheses]
  226 |     MODIFY(tx_data, READ_RAM(0x20 + i), 0, 0)
      |                              ~~~~~^~~
../Core/Src/main.cpp:65:46: note: in definition of macro 'MODIFY'
   65 | #define MODIFY(array, _0, _1, _2) array[0] = _0; array[1] = _1; array[2] = _2;
      |                                              ^~
../Core/Src/main.cpp:226:21: note: in expansion of macro 'READ_RAM'
  226 |     MODIFY(tx_data, READ_RAM(0x20 + i), 0, 0)
      |                     ^~~~~~~~
arm-none-eabi-g++ -o "Smart fuses.elf" @"objects.list"   -mcpu=cortex-m4 -T"C:\Users\pile\Desktop\wszytko inne\prywata\folder\PUTM_EV_SMART_FUSES_2022\firmware\Smart fuses\STM32L4P5RGTX_FLASH.ld" --specs=nosys.specs -Wl,-Map="Smart fuses.map" -Wl,--gc-sections -static --specs=nano.specs -mfpu=fpv4-sp-d16 -mfloat-abi=hard -mthumb -Wl,--start-group -lc -lm -lstdc++ -lsupc++ -Wl,--end-group
Finished building target: Smart fuses.elf
 
arm-none-eabi-size   Smart\ fuses.elf 
arm-none-eabi-objdump -h -S  Smart\ fuses.elf  > "Smart fuses.list"
   text	   data	    bss	    dec	    hex	filename
   9796	     24	   1716	  11536	   2d10	Smart fuses.elf
Finished building: default.size.stdout
 
Finished building: Smart fuses.list
 
20:41:35 **** Incremental Build of configuration Debug for project Smart fuses ****
make -j8 all 
arm-none-eabi-g++ "../Core/Src/main.cpp" -mcpu=cortex-m4 -std=gnu++14 -g3 -DDEBUG -DUSE_HAL_DRIVER -DSTM32L4P5xx -c -I../Core/Inc -I../Drivers/STM32L4xx_HAL_Driver/Inc -I../Drivers/STM32L4xx_HAL_Driver/Inc/Legacy -I../Drivers/CMSIS/Device/ST/STM32L4xx/Include -I../Drivers/CMSIS/Include -O1 -ffunction-sections -fdata-sections -fno-exceptions -fno-rtti -fno-use-cxa-atexit -Wall -fstack-usage -MMD -MP -MF"Core/Src/main.d" -MT"Core/Src/main.o" --specs=nano.specs -mfpu=fpv4-sp-d16 -mfloat-abi=hard -mthumb -o "Core/Src/main.o"
arm-none-eabi-g++ -o "Smart fuses.elf" @"objects.list"   -mcpu=cortex-m4 -T"C:\Users\pile\Desktop\wszytko inne\prywata\folder\PUTM_EV_SMART_FUSES_2022\firmware\Smart fuses\STM32L4P5RGTX_FLASH.ld" --specs=nosys.specs -Wl,-Map="Smart fuses.map" -Wl,--gc-sections -static --specs=nano.specs -mfpu=fpv4-sp-d16 -mfloat-abi=hard -mthumb -Wl,--start-group -lc -lm -lstdc++ -lsupc++ -Wl,--end-group
Finished building target: Smart fuses.elf
 
arm-none-eabi-size   Smart\ fuses.elf 
arm-none-eabi-objdump -h -S  Smart\ fuses.elf  > "Smart fuses.list"
   text	   data	    bss	    dec	    hex	filename
   9796	     24	   1716	  11536	   2d10	Smart fuses.elf
Finished building: default.size.stdout
 
Finished building: Smart fuses.list
 
20:43:24 **** Incremental Build of configuration Debug for project Smart fuses ****
make -j8 all 
arm-none-eabi-size   Smart\ fuses.elf 
   text	   data	    bss	    dec	    hex	filename
   9796	     24	   1716	  11536	   2d10	Smart fuses.elf
Finished building: default.size.stdout
 
20:46:14 **** Incremental Build of configuration Debug for project Smart fuses ****
make -j8 all 
arm-none-eabi-g++ "../Core/Src/main.cpp" -mcpu=cortex-m4 -std=gnu++14 -g3 -DDEBUG -DUSE_HAL_DRIVER -DSTM32L4P5xx -c -I../Core/Inc -I../Drivers/STM32L4xx_HAL_Driver/Inc -I../Drivers/STM32L4xx_HAL_Driver/Inc/Legacy -I../Drivers/CMSIS/Device/ST/STM32L4xx/Include -I../Drivers/CMSIS/Include -O1 -ffunction-sections -fdata-sections -fno-exceptions -fno-rtti -fno-use-cxa-atexit -Wall -fstack-usage -MMD -MP -MF"Core/Src/main.d" -MT"Core/Src/main.o" --specs=nano.specs -mfpu=fpv4-sp-d16 -mfloat-abi=hard -mthumb -o "Core/Src/main.o"
arm-none-eabi-g++ -o "Smart fuses.elf" @"objects.list"   -mcpu=cortex-m4 -T"C:\Users\pile\Desktop\wszytko inne\prywata\folder\PUTM_EV_SMART_FUSES_2022\firmware\Smart fuses\STM32L4P5RGTX_FLASH.ld" --specs=nosys.specs -Wl,-Map="Smart fuses.map" -Wl,--gc-sections -static --specs=nano.specs -mfpu=fpv4-sp-d16 -mfloat-abi=hard -mthumb -Wl,--start-group -lc -lm -lstdc++ -lsupc++ -Wl,--end-group
Finished building target: Smart fuses.elf
 
arm-none-eabi-size   Smart\ fuses.elf 
arm-none-eabi-objdump -h -S  Smart\ fuses.elf  > "Smart fuses.list"
   text	   data	    bss	    dec	    hex	filename
   9796	     24	   1716	  11536	   2d10	Smart fuses.elf
Finished building: default.size.stdout
 
Finished building: Smart fuses.list
 
20:47:51 **** Incremental Build of configuration Debug for project Smart fuses ****
make -j8 all 
arm-none-eabi-g++ "../Core/Src/main.cpp" -mcpu=cortex-m4 -std=gnu++14 -g3 -DDEBUG -DUSE_HAL_DRIVER -DSTM32L4P5xx -c -I../Core/Inc -I../Drivers/STM32L4xx_HAL_Driver/Inc -I../Drivers/STM32L4xx_HAL_Driver/Inc/Legacy -I../Drivers/CMSIS/Device/ST/STM32L4xx/Include -I../Drivers/CMSIS/Include -O1 -ffunction-sections -fdata-sections -fno-exceptions -fno-rtti -fno-use-cxa-atexit -Wall -fstack-usage -MMD -MP -MF"Core/Src/main.d" -MT"Core/Src/main.o" --specs=nano.specs -mfpu=fpv4-sp-d16 -mfloat-abi=hard -mthumb -o "Core/Src/main.o"
arm-none-eabi-g++ -o "Smart fuses.elf" @"objects.list"   -mcpu=cortex-m4 -T"C:\Users\pile\Desktop\wszytko inne\prywata\folder\PUTM_EV_SMART_FUSES_2022\firmware\Smart fuses\STM32L4P5RGTX_FLASH.ld" --specs=nosys.specs -Wl,-Map="Smart fuses.map" -Wl,--gc-sections -static --specs=nano.specs -mfpu=fpv4-sp-d16 -mfloat-abi=hard -mthumb -Wl,--start-group -lc -lm -lstdc++ -lsupc++ -Wl,--end-group
Finished building target: Smart fuses.elf
 
arm-none-eabi-size   Smart\ fuses.elf 
arm-none-eabi-objdump -h -S  Smart\ fuses.elf  > "Smart fuses.list"
   text	   data	    bss	    dec	    hex	filename
   9796	     24	   1716	  11536	   2d10	Smart fuses.elf
Finished building: default.size.stdout
 
Finished building: Smart fuses.list
 
20:48:57 **** Incremental Build of configuration Debug for project Smart fuses ****
make -j8 all 
arm-none-eabi-g++ "../Core/Src/main.cpp" -mcpu=cortex-m4 -std=gnu++14 -g3 -DDEBUG -DUSE_HAL_DRIVER -DSTM32L4P5xx -c -I../Core/Inc -I../Drivers/STM32L4xx_HAL_Driver/Inc -I../Drivers/STM32L4xx_HAL_Driver/Inc/Legacy -I../Drivers/CMSIS/Device/ST/STM32L4xx/Include -I../Drivers/CMSIS/Include -O1 -ffunction-sections -fdata-sections -fno-exceptions -fno-rtti -fno-use-cxa-atexit -Wall -fstack-usage -MMD -MP -MF"Core/Src/main.d" -MT"Core/Src/main.o" --specs=nano.specs -mfpu=fpv4-sp-d16 -mfloat-abi=hard -mthumb -o "Core/Src/main.o"
arm-none-eabi-g++ -o "Smart fuses.elf" @"objects.list"   -mcpu=cortex-m4 -T"C:\Users\pile\Desktop\wszytko inne\prywata\folder\PUTM_EV_SMART_FUSES_2022\firmware\Smart fuses\STM32L4P5RGTX_FLASH.ld" --specs=nosys.specs -Wl,-Map="Smart fuses.map" -Wl,--gc-sections -static --specs=nano.specs -mfpu=fpv4-sp-d16 -mfloat-abi=hard -mthumb -Wl,--start-group -lc -lm -lstdc++ -lsupc++ -Wl,--end-group
Finished building target: Smart fuses.elf
 
arm-none-eabi-size   Smart\ fuses.elf 
arm-none-eabi-objdump -h -S  Smart\ fuses.elf  > "Smart fuses.list"
   text	   data	    bss	    dec	    hex	filename
   9796	     24	   1716	  11536	   2d10	Smart fuses.elf
Finished building: default.size.stdout
 
Finished building: Smart fuses.list
 
20:50:12 **** Incremental Build of configuration Debug for project Smart fuses ****
make -j8 all 
arm-none-eabi-g++ "../Core/Src/main.cpp" -mcpu=cortex-m4 -std=gnu++14 -g3 -DDEBUG -DUSE_HAL_DRIVER -DSTM32L4P5xx -c -I../Core/Inc -I../Drivers/STM32L4xx_HAL_Driver/Inc -I../Drivers/STM32L4xx_HAL_Driver/Inc/Legacy -I../Drivers/CMSIS/Device/ST/STM32L4xx/Include -I../Drivers/CMSIS/Include -O1 -ffunction-sections -fdata-sections -fno-exceptions -fno-rtti -fno-use-cxa-atexit -Wall -fstack-usage -MMD -MP -MF"Core/Src/main.d" -MT"Core/Src/main.o" --specs=nano.specs -mfpu=fpv4-sp-d16 -mfloat-abi=hard -mthumb -o "Core/Src/main.o"
arm-none-eabi-g++ -o "Smart fuses.elf" @"objects.list"   -mcpu=cortex-m4 -T"C:\Users\pile\Desktop\wszytko inne\prywata\folder\PUTM_EV_SMART_FUSES_2022\firmware\Smart fuses\STM32L4P5RGTX_FLASH.ld" --specs=nosys.specs -Wl,-Map="Smart fuses.map" -Wl,--gc-sections -static --specs=nano.specs -mfpu=fpv4-sp-d16 -mfloat-abi=hard -mthumb -Wl,--start-group -lc -lm -lstdc++ -lsupc++ -Wl,--end-group
Finished building target: Smart fuses.elf
 
arm-none-eabi-size   Smart\ fuses.elf 
arm-none-eabi-objdump -h -S  Smart\ fuses.elf  > "Smart fuses.list"
   text	   data	    bss	    dec	    hex	filename
   9796	     24	   1716	  11536	   2d10	Smart fuses.elf
Finished building: default.size.stdout
 
Finished building: Smart fuses.list
 
20:55:17 **** Incremental Build of configuration Debug for project Smart fuses ****
make -j8 all 
arm-none-eabi-g++ "../Core/Src/main.cpp" -mcpu=cortex-m4 -std=gnu++14 -g3 -DDEBUG -DUSE_HAL_DRIVER -DSTM32L4P5xx -c -I../Core/Inc -I../Drivers/STM32L4xx_HAL_Driver/Inc -I../Drivers/STM32L4xx_HAL_Driver/Inc/Legacy -I../Drivers/CMSIS/Device/ST/STM32L4xx/Include -I../Drivers/CMSIS/Include -O1 -ffunction-sections -fdata-sections -fno-exceptions -fno-rtti -fno-use-cxa-atexit -Wall -fstack-usage -MMD -MP -MF"Core/Src/main.d" -MT"Core/Src/main.o" --specs=nano.specs -mfpu=fpv4-sp-d16 -mfloat-abi=hard -mthumb -o "Core/Src/main.o"
arm-none-eabi-g++ -o "Smart fuses.elf" @"objects.list"   -mcpu=cortex-m4 -T"C:\Users\pile\Desktop\wszytko inne\prywata\folder\PUTM_EV_SMART_FUSES_2022\firmware\Smart fuses\STM32L4P5RGTX_FLASH.ld" --specs=nosys.specs -Wl,-Map="Smart fuses.map" -Wl,--gc-sections -static --specs=nano.specs -mfpu=fpv4-sp-d16 -mfloat-abi=hard -mthumb -Wl,--start-group -lc -lm -lstdc++ -lsupc++ -Wl,--end-group
Finished building target: Smart fuses.elf
 
arm-none-eabi-size   Smart\ fuses.elf 
arm-none-eabi-objdump -h -S  Smart\ fuses.elf  > "Smart fuses.list"
   text	   data	    bss	    dec	    hex	filename
   9796	     24	   1716	  11536	   2d10	Smart fuses.elf
Finished building: default.size.stdout
 
Finished building: Smart fuses.list
 
20:56:24 **** Incremental Build of configuration Debug for project Smart fuses ****
make -j8 all 
arm-none-eabi-g++ "../Core/Src/main.cpp" -mcpu=cortex-m4 -std=gnu++14 -g3 -DDEBUG -DUSE_HAL_DRIVER -DSTM32L4P5xx -c -I../Core/Inc -I../Drivers/STM32L4xx_HAL_Driver/Inc -I../Drivers/STM32L4xx_HAL_Driver/Inc/Legacy -I../Drivers/CMSIS/Device/ST/STM32L4xx/Include -I../Drivers/CMSIS/Include -O1 -ffunction-sections -fdata-sections -fno-exceptions -fno-rtti -fno-use-cxa-atexit -Wall -fstack-usage -MMD -MP -MF"Core/Src/main.d" -MT"Core/Src/main.o" --specs=nano.specs -mfpu=fpv4-sp-d16 -mfloat-abi=hard -mthumb -o "Core/Src/main.o"
arm-none-eabi-g++ -o "Smart fuses.elf" @"objects.list"   -mcpu=cortex-m4 -T"C:\Users\pile\Desktop\wszytko inne\prywata\folder\PUTM_EV_SMART_FUSES_2022\firmware\Smart fuses\STM32L4P5RGTX_FLASH.ld" --specs=nosys.specs -Wl,-Map="Smart fuses.map" -Wl,--gc-sections -static --specs=nano.specs -mfpu=fpv4-sp-d16 -mfloat-abi=hard -mthumb -Wl,--start-group -lc -lm -lstdc++ -lsupc++ -Wl,--end-group
Finished building target: Smart fuses.elf
 
arm-none-eabi-size   Smart\ fuses.elf 
arm-none-eabi-objdump -h -S  Smart\ fuses.elf  > "Smart fuses.list"
   text	   data	    bss	    dec	    hex	filename
   9796	     24	   1716	  11536	   2d10	Smart fuses.elf
Finished building: default.size.stdout
 
Finished building: Smart fuses.list
 
21:09:43 **** Incremental Build of configuration Debug for project Smart fuses ****
make -j8 all 
arm-none-eabi-size   Smart\ fuses.elf 
   text	   data	    bss	    dec	    hex	filename
   9796	     24	   1716	  11536	   2d10	Smart fuses.elf
Finished building: default.size.stdout
 
21:23:27 **** Incremental Build of configuration Debug for project Smart fuses ****
make -j8 all 
arm-none-eabi-g++ "../Core/Src/main.cpp" -mcpu=cortex-m4 -std=gnu++14 -g3 -DDEBUG -DUSE_HAL_DRIVER -DSTM32L4P5xx -c -I../Core/Inc -I../Drivers/STM32L4xx_HAL_Driver/Inc -I../Drivers/STM32L4xx_HAL_Driver/Inc/Legacy -I../Drivers/CMSIS/Device/ST/STM32L4xx/Include -I../Drivers/CMSIS/Include -O1 -ffunction-sections -fdata-sections -fno-exceptions -fno-rtti -fno-use-cxa-atexit -Wall -fstack-usage -MMD -MP -MF"Core/Src/main.d" -MT"Core/Src/main.o" --specs=nano.specs -mfpu=fpv4-sp-d16 -mfloat-abi=hard -mthumb -o "Core/Src/main.o"
arm-none-eabi-g++ -o "Smart fuses.elf" @"objects.list"   -mcpu=cortex-m4 -T"C:\Users\pile\Desktop\wszytko inne\prywata\folder\PUTM_EV_SMART_FUSES_2022\firmware\Smart fuses\STM32L4P5RGTX_FLASH.ld" --specs=nosys.specs -Wl,-Map="Smart fuses.map" -Wl,--gc-sections -static --specs=nano.specs -mfpu=fpv4-sp-d16 -mfloat-abi=hard -mthumb -Wl,--start-group -lc -lm -lstdc++ -lsupc++ -Wl,--end-group
Finished building target: Smart fuses.elf
 
arm-none-eabi-size   Smart\ fuses.elf 
arm-none-eabi-objdump -h -S  Smart\ fuses.elf  > "Smart fuses.list"
   text	   data	    bss	    dec	    hex	filename
   9848	     24	   1716	  11588	   2d44	Smart fuses.elf
Finished building: default.size.stdout
 
Finished building: Smart fuses.list
 
21:23:43 **** Incremental Build of configuration Debug for project Smart fuses ****
make -j8 all 
arm-none-eabi-size   Smart\ fuses.elf 
   text	   data	    bss	    dec	    hex	filename
   9848	     24	   1716	  11588	   2d44	Smart fuses.elf
Finished building: default.size.stdout
 
21:23:58 **** Incremental Build of configuration Debug for project Smart fuses ****
make -j8 all 
arm-none-eabi-size   Smart\ fuses.elf 
   text	   data	    bss	    dec	    hex	filename
   9848	     24	   1716	  11588	   2d44	Smart fuses.elf
Finished building: default.size.stdout
 
19:23:09 **** Incremental Build of configuration Debug for project Smart fuses ****
make -j8 all 
arm-none-eabi-g++ "../Core/Src/main.cpp" -mcpu=cortex-m4 -std=gnu++14 -g3 -DDEBUG -DUSE_HAL_DRIVER -DSTM32L4P5xx -c -I../Core/Inc -I../Drivers/STM32L4xx_HAL_Driver/Inc -I../Drivers/STM32L4xx_HAL_Driver/Inc/Legacy -I../Drivers/CMSIS/Device/ST/STM32L4xx/Include -I../Drivers/CMSIS/Include -O1 -ffunction-sections -fdata-sections -fno-exceptions -fno-rtti -fno-use-cxa-atexit -Wall -fstack-usage -MMD -MP -MF"Core/Src/main.d" -MT"Core/Src/main.o" --specs=nano.specs -mfpu=fpv4-sp-d16 -mfloat-abi=hard -mthumb -o "Core/Src/main.o"
../Core/Src/main.cpp: In function 'int main()':
../Core/Src/main.cpp:186:22: error: 'rxdata' was not declared in this scope; did you mean 'rx_data'?
  186 |   kek2[i] = uint16_t(rxdata[1]) << 8 | uint16_t(rxdata[2]);
      |                      ^~~~~~
      |                      rx_data
make: *** [Core/Src/subdir.mk:55: Core/Src/main.o] Error 1
"make -j8 all" terminated with exit code 2. Build might be incomplete.
19:23:24 **** Incremental Build of configuration Debug for project Smart fuses ****
make -j8 all 
arm-none-eabi-g++ "../Core/Src/main.cpp" -mcpu=cortex-m4 -std=gnu++14 -g3 -DDEBUG -DUSE_HAL_DRIVER -DSTM32L4P5xx -c -I../Core/Inc -I../Drivers/STM32L4xx_HAL_Driver/Inc -I../Drivers/STM32L4xx_HAL_Driver/Inc/Legacy -I../Drivers/CMSIS/Device/ST/STM32L4xx/Include -I../Drivers/CMSIS/Include -O1 -ffunction-sections -fdata-sections -fno-exceptions -fno-rtti -fno-use-cxa-atexit -Wall -fstack-usage -MMD -MP -MF"Core/Src/main.d" -MT"Core/Src/main.o" --specs=nano.specs -mfpu=fpv4-sp-d16 -mfloat-abi=hard -mthumb -o "Core/Src/main.o"
arm-none-eabi-g++ -o "Smart fuses.elf" @"objects.list"   -mcpu=cortex-m4 -T"C:\Users\pile\Desktop\wszytko inne\prywata\folder\PUTM_EV_SMART_FUSES_2022\firmware\Smart fuses\STM32L4P5RGTX_FLASH.ld" --specs=nosys.specs -Wl,-Map="Smart fuses.map" -Wl,--gc-sections -static --specs=nano.specs -mfpu=fpv4-sp-d16 -mfloat-abi=hard -mthumb -Wl,--start-group -lc -lm -lstdc++ -lsupc++ -Wl,--end-group
Finished building target: Smart fuses.elf
 
arm-none-eabi-size   Smart\ fuses.elf 
arm-none-eabi-objdump -h -S  Smart\ fuses.elf  > "Smart fuses.list"
   text	   data	    bss	    dec	    hex	filename
   9820	     24	   1716	  11560	   2d28	Smart fuses.elf
Finished building: default.size.stdout
 
Finished building: Smart fuses.list
 
19:24:28 **** Incremental Build of configuration Debug for project Smart fuses ****
make -j8 all 
arm-none-eabi-g++ "../Core/Src/main.cpp" -mcpu=cortex-m4 -std=gnu++14 -g3 -DDEBUG -DUSE_HAL_DRIVER -DSTM32L4P5xx -c -I../Core/Inc -I../Drivers/STM32L4xx_HAL_Driver/Inc -I../Drivers/STM32L4xx_HAL_Driver/Inc/Legacy -I../Drivers/CMSIS/Device/ST/STM32L4xx/Include -I../Drivers/CMSIS/Include -O1 -ffunction-sections -fdata-sections -fno-exceptions -fno-rtti -fno-use-cxa-atexit -Wall -fstack-usage -MMD -MP -MF"Core/Src/main.d" -MT"Core/Src/main.o" --specs=nano.specs -mfpu=fpv4-sp-d16 -mfloat-abi=hard -mthumb -o "Core/Src/main.o"
../Core/Src/main.cpp: In function 'int main()':
../Core/Src/main.cpp:189:11: warning: unused variable 'a' [-Wunused-variable]
  189 |  uint16_t a = kek2[0];
      |           ^
arm-none-eabi-g++ -o "Smart fuses.elf" @"objects.list"   -mcpu=cortex-m4 -T"C:\Users\pile\Desktop\wszytko inne\prywata\folder\PUTM_EV_SMART_FUSES_2022\firmware\Smart fuses\STM32L4P5RGTX_FLASH.ld" --specs=nosys.specs -Wl,-Map="Smart fuses.map" -Wl,--gc-sections -static --specs=nano.specs -mfpu=fpv4-sp-d16 -mfloat-abi=hard -mthumb -Wl,--start-group -lc -lm -lstdc++ -lsupc++ -Wl,--end-group
Finished building target: Smart fuses.elf
 
arm-none-eabi-size   Smart\ fuses.elf 
arm-none-eabi-objdump -h -S  Smart\ fuses.elf  > "Smart fuses.list"
   text	   data	    bss	    dec	    hex	filename
   9820	     24	   1716	  11560	   2d28	Smart fuses.elf
Finished building: default.size.stdout
 
Finished building: Smart fuses.list
 
19:25:06 **** Incremental Build of configuration Debug for project Smart fuses ****
make -j8 all 
arm-none-eabi-g++ "../Core/Src/main.cpp" -mcpu=cortex-m4 -std=gnu++14 -g3 -DDEBUG -DUSE_HAL_DRIVER -DSTM32L4P5xx -c -I../Core/Inc -I../Drivers/STM32L4xx_HAL_Driver/Inc -I../Drivers/STM32L4xx_HAL_Driver/Inc/Legacy -I../Drivers/CMSIS/Device/ST/STM32L4xx/Include -I../Drivers/CMSIS/Include -O1 -ffunction-sections -fdata-sections -fno-exceptions -fno-rtti -fno-use-cxa-atexit -Wall -fstack-usage -MMD -MP -MF"Core/Src/main.d" -MT"Core/Src/main.o" --specs=nano.specs -mfpu=fpv4-sp-d16 -mfloat-abi=hard -mthumb -o "Core/Src/main.o"
../Core/Src/main.cpp: In function 'int main()':
../Core/Src/main.cpp:189:20: warning: unused variable 'a' [-Wunused-variable]
  189 |  volatile uint16_t a = kek2[0];
      |                    ^
arm-none-eabi-g++ -o "Smart fuses.elf" @"objects.list"   -mcpu=cortex-m4 -T"C:\Users\pile\Desktop\wszytko inne\prywata\folder\PUTM_EV_SMART_FUSES_2022\firmware\Smart fuses\STM32L4P5RGTX_FLASH.ld" --specs=nosys.specs -Wl,-Map="Smart fuses.map" -Wl,--gc-sections -static --specs=nano.specs -mfpu=fpv4-sp-d16 -mfloat-abi=hard -mthumb -Wl,--start-group -lc -lm -lstdc++ -lsupc++ -Wl,--end-group
Finished building target: Smart fuses.elf
 
arm-none-eabi-size   Smart\ fuses.elf 
arm-none-eabi-objdump -h -S  Smart\ fuses.elf  > "Smart fuses.list"
   text	   data	    bss	    dec	    hex	filename
   9844	     24	   1716	  11584	   2d40	Smart fuses.elf
Finished building: default.size.stdout
 
Finished building: Smart fuses.list
 
19:26:04 **** Incremental Build of configuration Debug for project Smart fuses ****
make -j8 all 
arm-none-eabi-g++ "../Core/Src/main.cpp" -mcpu=cortex-m4 -std=gnu++14 -g3 -DDEBUG -DUSE_HAL_DRIVER -DSTM32L4P5xx -c -I../Core/Inc -I../Drivers/STM32L4xx_HAL_Driver/Inc -I../Drivers/STM32L4xx_HAL_Driver/Inc/Legacy -I../Drivers/CMSIS/Device/ST/STM32L4xx/Include -I../Drivers/CMSIS/Include -O1 -ffunction-sections -fdata-sections -fno-exceptions -fno-rtti -fno-use-cxa-atexit -Wall -fstack-usage -MMD -MP -MF"Core/Src/main.d" -MT"Core/Src/main.o" --specs=nano.specs -mfpu=fpv4-sp-d16 -mfloat-abi=hard -mthumb -o "Core/Src/main.o"
../Core/Src/main.cpp: In function 'int main()':
../Core/Src/main.cpp:179:11: warning: variable 'kek2' set but not used [-Wunused-but-set-variable]
  179 |  uint16_t kek2[6];
      |           ^~~~
arm-none-eabi-g++ -o "Smart fuses.elf" @"objects.list"   -mcpu=cortex-m4 -T"C:\Users\pile\Desktop\wszytko inne\prywata\folder\PUTM_EV_SMART_FUSES_2022\firmware\Smart fuses\STM32L4P5RGTX_FLASH.ld" --specs=nosys.specs -Wl,-Map="Smart fuses.map" -Wl,--gc-sections -static --specs=nano.specs -mfpu=fpv4-sp-d16 -mfloat-abi=hard -mthumb -Wl,--start-group -lc -lm -lstdc++ -lsupc++ -Wl,--end-group
Finished building target: Smart fuses.elf
 
arm-none-eabi-size   Smart\ fuses.elf 
arm-none-eabi-objdump -h -S  Smart\ fuses.elf  > "Smart fuses.list"
   text	   data	    bss	    dec	    hex	filename
   9820	     24	   1716	  11560	   2d28	Smart fuses.elf
Finished building: default.size.stdout
 
Finished building: Smart fuses.list
 
19:26:15 **** Incremental Build of configuration Debug for project Smart fuses ****
make -j8 all 
arm-none-eabi-size   Smart\ fuses.elf 
   text	   data	    bss	    dec	    hex	filename
   9820	     24	   1716	  11560	   2d28	Smart fuses.elf
Finished building: default.size.stdout
 
19:26:49 **** Incremental Build of configuration Debug for project Smart fuses ****
make -j8 all 
arm-none-eabi-size   Smart\ fuses.elf 
   text	   data	    bss	    dec	    hex	filename
   9820	     24	   1716	  11560	   2d28	Smart fuses.elf
Finished building: default.size.stdout
 
19:27:52 **** Incremental Build of configuration Debug for project Smart fuses ****
make -j8 all 
arm-none-eabi-g++ "../Core/Src/main.cpp" -mcpu=cortex-m4 -std=gnu++14 -g3 -DDEBUG -DUSE_HAL_DRIVER -DSTM32L4P5xx -c -I../Core/Inc -I../Drivers/STM32L4xx_HAL_Driver/Inc -I../Drivers/STM32L4xx_HAL_Driver/Inc/Legacy -I../Drivers/CMSIS/Device/ST/STM32L4xx/Include -I../Drivers/CMSIS/Include -O1 -ffunction-sections -fdata-sections -fno-exceptions -fno-rtti -fno-use-cxa-atexit -Wall -fstack-usage -MMD -MP -MF"Core/Src/main.d" -MT"Core/Src/main.o" --specs=nano.specs -mfpu=fpv4-sp-d16 -mfloat-abi=hard -mthumb -o "Core/Src/main.o"
arm-none-eabi-g++ -o "Smart fuses.elf" @"objects.list"   -mcpu=cortex-m4 -T"C:\Users\pile\Desktop\wszytko inne\prywata\folder\PUTM_EV_SMART_FUSES_2022\firmware\Smart fuses\STM32L4P5RGTX_FLASH.ld" --specs=nosys.specs -Wl,-Map="Smart fuses.map" -Wl,--gc-sections -static --specs=nano.specs -mfpu=fpv4-sp-d16 -mfloat-abi=hard -mthumb -Wl,--start-group -lc -lm -lstdc++ -lsupc++ -Wl,--end-group
Finished building target: Smart fuses.elf
 
arm-none-eabi-size   Smart\ fuses.elf 
arm-none-eabi-objdump -h -S  Smart\ fuses.elf  > "Smart fuses.list"
   text	   data	    bss	    dec	    hex	filename
   9768	     24	   1716	  11508	   2cf4	Smart fuses.elf
Finished building: default.size.stdout
 
Finished building: Smart fuses.list
 
19:28:21 **** Incremental Build of configuration Debug for project Smart fuses ****
make -j8 all 
arm-none-eabi-g++ "../Core/Src/main.cpp" -mcpu=cortex-m4 -std=gnu++14 -g3 -DDEBUG -DUSE_HAL_DRIVER -DSTM32L4P5xx -c -I../Core/Inc -I../Drivers/STM32L4xx_HAL_Driver/Inc -I../Drivers/STM32L4xx_HAL_Driver/Inc/Legacy -I../Drivers/CMSIS/Device/ST/STM32L4xx/Include -I../Drivers/CMSIS/Include -O1 -ffunction-sections -fdata-sections -fno-exceptions -fno-rtti -fno-use-cxa-atexit -Wall -fstack-usage -MMD -MP -MF"Core/Src/main.d" -MT"Core/Src/main.o" --specs=nano.specs -mfpu=fpv4-sp-d16 -mfloat-abi=hard -mthumb -o "Core/Src/main.o"
arm-none-eabi-g++ -o "Smart fuses.elf" @"objects.list"   -mcpu=cortex-m4 -T"C:\Users\pile\Desktop\wszytko inne\prywata\folder\PUTM_EV_SMART_FUSES_2022\firmware\Smart fuses\STM32L4P5RGTX_FLASH.ld" --specs=nosys.specs -Wl,-Map="Smart fuses.map" -Wl,--gc-sections -static --specs=nano.specs -mfpu=fpv4-sp-d16 -mfloat-abi=hard -mthumb -Wl,--start-group -lc -lm -lstdc++ -lsupc++ -Wl,--end-group
Finished building target: Smart fuses.elf
 
arm-none-eabi-size   Smart\ fuses.elf 
arm-none-eabi-objdump -h -S  Smart\ fuses.elf  > "Smart fuses.list"
   text	   data	    bss	    dec	    hex	filename
   9728	     24	   1716	  11468	   2ccc	Smart fuses.elf
Finished building: default.size.stdout
 
Finished building: Smart fuses.list
 
